TN:
SF:script/Deploy.s.sol
DA:19,0
FN:19,DeployScript.run
FNDA:0,DeployScript.run
DA:20,0
DA:21,0
BRDA:21,0,0,-
BRDA:21,0,1,-
DA:22,0
DA:25,0
DA:29,0
DA:30,0
DA:33,0
DA:34,0
DA:37,0
DA:38,0
DA:41,0
DA:42,0
DA:43,0
DA:45,0
DA:46,0
DA:48,0
DA:50,0
DA:51,0
BRDA:51,1,0,-
BRDA:51,1,1,-
DA:52,0
DA:54,0
DA:58,0
DA:66,0
DA:69,0
DA:72,0
DA:73,0
DA:74,0
DA:75,0
DA:79,0
DA:82,0
DA:83,0
DA:86,0
DA:92,0
DA:95,0
DA:98,0
DA:99,0
DA:102,0
DA:103,0
DA:105,0
DA:108,0
DA:109,0
DA:110,0
DA:111,0
DA:112,0
DA:113,0
DA:114,0
DA:115,0
DA:116,0
DA:117,0
DA:118,0
DA:119,0
DA:120,0
DA:122,0
FNF:1
FNH:0
LF:53
LH:0
BRF:4
BRH:0
end_of_record
TN:
SF:script/MockOracle.s.sol
DA:8,0
FN:8,MockOracleScript.run
FNDA:0,MockOracleScript.run
DA:9,0
DA:10,0
DA:11,0
DA:13,0
DA:15,0
DA:16,0
DA:17,0
DA:18,0
DA:19,0
FNF:1
FNH:0
LF:10
LH:0
BRF:0
BRH:0
end_of_record
TN:
SF:src/core/HostReputation.sol
DA:56,152
FN:56,HostReputation.constructor
FNDA:152,HostReputation.constructor
DA:57,152
DA:68,132
FN:68,HostReputation.mintSbt
FNDA:132,HostReputation.mintSbt
DA:69,1
BRDA:69,0,0,1
DA:71,131
DA:73,131
DA:82,131
DA:83,131
DA:85,131
DA:87,131
DA:94,23
FN:94,HostReputation.slashScore
FNDA:23,HostReputation.slashScore
DA:95,22
BRDA:95,1,0,1
DA:97,21
DA:98,21
DA:99,21
DA:101,21
DA:102,21
DA:103,21
DA:105,21
DA:108,8
FN:108,HostReputation.incrementProjectsCompleted
FNDA:8,HostReputation.incrementProjectsCompleted
DA:109,8
BRDA:109,2,0,-
DA:110,8
DA:111,8
DA:114,102
FN:114,HostReputation.incrementProjectsCreated
FNDA:102,HostReputation.incrementProjectsCreated
DA:115,102
BRDA:115,3,0,-
DA:116,102
DA:117,102
DA:124,12
FN:124,HostReputation.getScore
FNDA:12,HostReputation.getScore
DA:125,12
DA:128,6
FN:128,HostReputation.getReputationDetails
FNDA:6,HostReputation.getReputationDetails
DA:129,6
DA:132,65
FN:132,HostReputation.hasSbt
FNDA:65,HostReputation.hasSbt
DA:133,65
DA:143,132
FN:143,HostReputation._beforeTokenTransfer
FNDA:132,HostReputation._beforeTokenTransfer
DA:149,132
BRDA:149,4,0,1
DA:150,0
DA:153,1
FN:153,HostReputation.transferFrom
FNDA:1,HostReputation.transferFrom
DA:154,1
DA:157,1
FN:157,HostReputation.approve
FNDA:1,HostReputation.approve
DA:158,1
DA:161,1
FN:161,HostReputation.setApprovalForAll
FNDA:1,HostReputation.setApprovalForAll
DA:162,1
DA:165,0
FN:165,HostReputation.supportsInterface
FNDA:0,HostReputation.supportsInterface
DA:168,0
FNF:13
FNH:12
LF:44
LH:41
BRF:5
BRH:3
end_of_record
TN:
SF:src/core/LoanManager.sol
DA:88,152
FN:88,LoanManager.constructor
FNDA:152,LoanManager.constructor
DA:96,152
DA:97,152
DA:98,152
DA:101,152
DA:102,152
DA:103,152
DA:110,152
FN:110,LoanManager.setRevenueDistributor
FNDA:152,LoanManager.setRevenueDistributor
DA:111,152
DA:115,0
FN:115,LoanManager.setIoTOracle
FNDA:0,LoanManager.setIoTOracle
DA:116,0
DA:119,0
FN:119,LoanManager.setAutomation
FNDA:0,LoanManager.setAutomation
DA:124,103
FN:124,LoanManager.initializeLoan
FNDA:103,LoanManager.initializeLoan
DA:129,103
DA:130,1
BRDA:130,0,0,1
DA:131,102
BRDA:131,1,0,-
DA:133,102
DA:134,102
BRDA:134,2,0,-
DA:135,0
DA:138,102
DA:139,102
DA:140,102
DA:141,102
DA:142,102
DA:143,102
DA:144,102
DA:147,102
DA:148,102
DA:150,102
DA:154,665
FN:154,LoanManager.payMonthlyInstallment
FNDA:665,LoanManager.payMonthlyInstallment
DA:155,665
DA:156,665
BRDA:156,3,0,-
DA:157,2
BRDA:157,4,0,2
DA:158,1
BRDA:158,5,0,1
DA:160,662
DA:161,662
BRDA:161,6,0,1
DA:162,661
BRDA:162,7,0,-
DA:163,0
DA:166,661
DA:168,661
DA:169,661
DA:170,661
DA:171,661
DA:173,661
DA:174,661
DA:175,661
DA:177,661
DA:179,661
BRDA:179,8,0,4
DA:180,4
DA:181,4
DA:182,4
DA:183,4
DA:187,6
FN:187,LoanManager.checkDefaultStatus
FNDA:6,LoanManager.checkDefaultStatus
DA:188,6
DA:189,6
BRDA:189,9,0,1
DA:190,1
BRDA:190,10,0,1
DA:191,4
DA:194,11
FN:194,LoanManager.declareDefault
FNDA:11,LoanManager.declareDefault
DA:195,11
DA:196,11
BRDA:196,11,0,-
DA:197,1
BRDA:197,12,0,1
DA:198,0
BRDA:198,13,0,-
DA:199,10
BRDA:199,14,0,1
DA:202,9
DA:203,9
BRDA:203,15,0,-
DA:204,0
DA:205,0
DA:206,0
DA:210,9
DA:211,9
DA:213,9
DA:214,9
DA:217,9
BRDA:217,16,0,9
DA:218,9
DA:221,9
DA:224,15
FN:224,LoanManager.calculateEquitySplit
FNDA:15,LoanManager.calculateEquitySplit
DA:227,15
DA:228,15
BRDA:228,17,0,-
DA:229,0
DA:232,15
DA:233,15
BRDA:233,18,0,-
DA:234,15
DA:237,4
FN:237,LoanManager.getCurrentMonth
FNDA:4,LoanManager.getCurrentMonth
DA:238,4
FNF:10
FNH:8
LF:84
LH:74
BRF:19
BRH:10
end_of_record
TN:
SF:src/core/MaintenanceDAO.sol
DA:102,152
FN:102,MaintenanceDAO.constructor
FNDA:152,MaintenanceDAO.constructor
DA:108,152
DA:109,152
DA:110,152
DA:111,152
DA:119,47
FN:119,MaintenanceDAO.submitProposal
FNDA:47,MaintenanceDAO.submitProposal
DA:125,47
BRDA:125,0,0,1
DA:126,46
DA:127,46
BRDA:127,1,0,1
DA:129,45
DA:130,45
DA:132,45
DA:147,45
DA:159,56
FN:159,MaintenanceDAO.castVote
FNDA:56,MaintenanceDAO.castVote
DA:160,56
BRDA:160,2,0,-
DA:161,0
DA:163,56
DA:164,56
BRDA:164,3,0,-
DA:165,0
DA:167,56
BRDA:167,4,0,1
DA:168,1
BRDA:168,5,0,1
DA:170,54
DA:171,54
BRDA:171,6,0,1
DA:173,53
DA:174,42
BRDA:174,7,0,42
BRDA:174,7,1,11
DA:175,42
DA:177,11
DA:180,53
DA:184,27
FN:184,MaintenanceDAO.executeProposal
FNDA:27,MaintenanceDAO.executeProposal
DA:185,27
BRDA:185,8,0,-
DA:186,0
DA:189,27
DA:190,27
BRDA:190,9,0,1
DA:191,1
DA:194,26
DA:195,26
DA:196,26
DA:204,2
BRDA:204,10,0,2
BRDA:204,10,1,-
DA:205,2
DA:206,22
BRDA:206,11,0,22
BRDA:206,11,1,-
DA:207,22
DA:208,22
DA:209,22
DA:211,15
BRDA:211,12,0,15
BRDA:211,12,1,7
DA:212,15
DA:214,7
DA:215,7
DA:218,2
DA:223,28
FN:223,MaintenanceDAO.getProposal
FNDA:28,MaintenanceDAO.getProposal
DA:224,28
DA:228,2
FN:228,MaintenanceDAO.hasVotedOnProposal
FNDA:2,MaintenanceDAO.hasVotedOnProposal
DA:229,2
DA:233,3
FN:233,MaintenanceDAO.getVotingPower
FNDA:3,MaintenanceDAO.getVotingPower
DA:234,3
DA:240,1
FN:240,MaintenanceDAO.requestWeatherVerification
FNDA:1,MaintenanceDAO.requestWeatherVerification
DA:241,1
DA:242,1
BRDA:242,13,0,-
DA:243,1
DA:253,17
FN:253,MaintenanceDAO._finalizeExecution
FNDA:17,MaintenanceDAO._finalizeExecution
DA:254,17
DA:255,17
DA:256,17
DA:257,17
DA:259,17
DA:261,17
DA:262,17
FNF:9
FNH:9
LF:66
LH:63
BRF:18
BRH:12
end_of_record
TN:
SF:src/core/RevenueDistributor.sol
DA:62,152
FN:62,RevenueDistributor.constructor
FNDA:152,RevenueDistributor.constructor
DA:63,152
DA:64,152
DA:65,152
DA:66,152
DA:72,162
FN:72,RevenueDistributor.setLoanManager
FNDA:162,RevenueDistributor.setLoanManager
DA:73,162
DA:76,162
FN:76,RevenueDistributor.setGridOracle
FNDA:162,RevenueDistributor.setGridOracle
DA:77,162
DA:84,62
FN:84,RevenueDistributor.depositGridRevenue
FNDA:62,RevenueDistributor.depositGridRevenue
DA:85,62
BRDA:85,0,0,1
DA:87,61
DA:88,61
DA:90,61
DA:92,61
DA:95,662
FN:95,RevenueDistributor.depositHostPayment
FNDA:662,RevenueDistributor.depositHostPayment
DA:96,662
BRDA:96,1,0,-
DA:98,662
DA:99,662
DA:100,662
DA:102,662
DA:104,662
DA:111,115
FN:111,RevenueDistributor.executeWaterfall
FNDA:115,RevenueDistributor.executeWaterfall
DA:112,115
DA:115,838
FN:115,RevenueDistributor._executeWaterfallInternal
FNDA:838,RevenueDistributor._executeWaterfallInternal
DA:116,838
DA:117,838
DA:118,838
BRDA:118,2,0,115
DA:120,723
DA:121,723
DA:122,723
DA:124,723
DA:125,723
DA:126,723
DA:128,723
DA:129,723
BRDA:129,3,0,723
DA:130,723
DA:133,723
DA:135,723
DA:142,8
FN:142,RevenueDistributor.claimDividends
FNDA:8,RevenueDistributor.claimDividends
DA:143,8
DA:144,8
DA:146,8
DA:147,8
DA:149,8
BRDA:149,4,0,1
DA:150,7
DA:152,7
DA:153,7
DA:156,19
FN:156,RevenueDistributor.withdrawMaintenance
FNDA:19,RevenueDistributor.withdrawMaintenance
DA:161,18
DA:162,18
BRDA:162,5,0,-
DA:164,18
DA:165,18
DA:168,6
FN:168,RevenueDistributor.getClaimableDividends
FNDA:6,RevenueDistributor.getClaimableDividends
DA:172,6
DA:173,6
DA:174,6
DA:175,6
DA:178,0
FN:178,RevenueDistributor.settleCompletedProject
FNDA:0,RevenueDistributor.settleCompletedProject
DA:180,56
FN:180,RevenueDistributor.getMaintenanceReserve
FNDA:56,RevenueDistributor.getMaintenanceReserve
DA:181,56
DA:184,1
FN:184,RevenueDistributor.withdrawInsurance
FNDA:1,RevenueDistributor.withdrawInsurance
DA:188,1
DA:189,1
BRDA:189,6,0,-
DA:191,1
DA:192,1
FNF:13
FNH:12
LF:66
LH:65
BRF:7
BRH:4
end_of_record
TN:
SF:src/core/SolarProject.sol
DA:70,152
FN:70,SolarProject.constructor
FNDA:152,SolarProject.constructor
DA:71,152
DA:79,105
FN:79,SolarProject.withdrawFunds
FNDA:105,SolarProject.withdrawFunds
DA:80,105
DA:81,105
BRDA:81,0,0,1
DA:82,104
BRDA:82,1,0,1
DA:83,103
BRDA:83,2,0,-
DA:85,103
DA:87,103
DA:90,103
DA:91,103
DA:94,102
DA:96,102
DA:97,102
DA:100,4
FN:100,SolarProject.completeProject
FNDA:4,SolarProject.completeProject
DA:101,4
BRDA:101,3,0,-
BRDA:101,3,1,-
DA:102,4
DA:103,4
DA:106,152
FN:106,SolarProject.setLoanManager
FNDA:152,SolarProject.setLoanManager
DA:107,152
BRDA:107,4,0,-
BRDA:107,4,1,-
DA:108,152
DA:111,128
FN:111,SolarProject.initializeProject
FNDA:128,SolarProject.initializeProject
DA:117,128
BRDA:117,5,0,1
DA:118,127
BRDA:118,6,0,1
DA:119,126
BRDA:119,7,0,1
DA:121,125
DA:122,125
DA:124,125
DA:141,125
DA:144,326
FN:144,SolarProject.fundProject
FNDA:326,SolarProject.fundProject
DA:145,326
DA:146,326
BRDA:146,8,0,-
DA:147,326
BRDA:147,9,0,1
DA:148,325
BRDA:148,10,0,2
DA:150,323
DA:152,323
DA:153,323
DA:155,323
DA:156,323
DA:158,323
DA:160,323
BRDA:160,11,0,106
DA:161,106
DA:166,9
FN:166,SolarProject.triggerBuyout
FNDA:9,SolarProject.triggerBuyout
DA:167,9
DA:168,9
BRDA:168,12,0,1
DA:169,1
DA:171,8
BRDA:171,13,0,1
DA:172,1
DA:175,7
DA:177,7
DA:178,7
DA:180,7
DA:182,7
BRDA:182,14,0,1
DA:183,1
DA:186,7
DA:188,7
DA:189,7
DA:191,7
DA:192,7
DA:195,9
FN:195,SolarProject.setProjectDefaulted
FNDA:9,SolarProject.setProjectDefaulted
DA:196,9
BRDA:196,15,0,-
DA:197,9
DA:198,9
DA:205,118
FN:205,SolarProject.getProjectDetails
FNDA:118,SolarProject.getProjectDetails
DA:206,118
DA:209,773
FN:209,SolarProject.getProjectHost
FNDA:773,SolarProject.getProjectHost
DA:210,773
DA:220,7
FN:220,SolarProject._distributeBuyoutToInvestors
FNDA:7,SolarProject._distributeBuyoutToInvestors
DA:221,7
DA:222,7
BRDA:222,16,0,7
DA:223,7
DA:227,4
FN:227,SolarProject.claimBuyout
FNDA:4,SolarProject.claimBuyout
DA:228,4
DA:229,4
DA:230,4
DA:231,4
DA:233,4
BRDA:233,17,0,-
BRDA:233,17,1,-
DA:234,4
DA:235,4
DA:236,4
DA:239,72
FN:239,SolarProject.getInvestorShares
FNDA:72,SolarProject.getInvestorShares
DA:243,72
DA:246,746
FN:246,SolarProject.getTotalShares
FNDA:746,SolarProject.getTotalShares
DA:247,746
FNF:14
FNH:14
LF:84
LH:84
BRF:21
BRH:12
end_of_record
TN:
SF:src/mocks/MockChainlinkKeeper.sol
DA:13,152
FN:13,MockChainlinkKeeper.constructor
FNDA:152,MockChainlinkKeeper.constructor
DA:14,152
DA:17,0
FN:17,MockChainlinkKeeper.addProject
FNDA:0,MockChainlinkKeeper.addProject
DA:18,0
DA:22,0
FN:22,MockChainlinkKeeper.checkUpkeep
FNDA:0,MockChainlinkKeeper.checkUpkeep
DA:23,0
DA:24,0
BRDA:24,0,0,-
DA:25,0
DA:28,0
DA:32,0
FN:32,MockChainlinkKeeper.performUpkeep
FNDA:0,MockChainlinkKeeper.performUpkeep
DA:33,0
DA:34,0
BRDA:34,1,0,-
BRDA:34,1,1,-
DA:35,0
DA:36,0
DA:38,0
DA:43,0
FN:43,MockChainlinkKeeper.performAutoUpkeep
FNDA:0,MockChainlinkKeeper.performAutoUpkeep
DA:44,0
DA:45,0
DA:46,0
BRDA:46,2,0,-
DA:47,0
DA:48,0
FNF:5
FNH:1
LF:21
LH:2
BRF:4
BRH:0
end_of_record
TN:
SF:src/mocks/MockGridOracle.sol
DA:19,152
FN:19,MockGridOracle.constructor
FNDA:152,MockGridOracle.constructor
DA:20,152
DA:21,152
DA:28,0
FN:28,MockGridOracle.submitGridRevenue
FNDA:0,MockGridOracle.submitGridRevenue
DA:29,0
DA:32,0
FN:32,MockGridOracle.submitFixedRevenue
FNDA:0,MockGridOracle.submitFixedRevenue
DA:33,0
DA:36,0
FN:36,MockGridOracle._deposit
FNDA:0,MockGridOracle._deposit
DA:38,0
DA:39,0
DA:40,0
DA:47,0
FN:47,MockGridOracle.setMockProduction
FNDA:0,MockGridOracle.setMockProduction
DA:48,0
DA:52,0
FN:52,MockGridOracle.getProduction
FNDA:0,MockGridOracle.getProduction
DA:56,0
DA:60,0
FN:60,MockGridOracle.requestProduction
FNDA:0,MockGridOracle.requestProduction
DA:61,0
DA:64,0
FN:64,MockGridOracle.getRainyDays
FNDA:0,MockGridOracle.getRainyDays
DA:65,0
DA:68,0
FN:68,MockGridOracle.requestWeatherCheck
FNDA:0,MockGridOracle.requestWeatherCheck
DA:69,0
DA:72,0
FN:72,MockGridOracle.triggerHardwareLock
FNDA:0,MockGridOracle.triggerHardwareLock
DA:74,0
FN:74,MockGridOracle.unlockHardware
FNDA:0,MockGridOracle.unlockHardware
DA:76,0
FN:76,MockGridOracle._generateRevenue
FNDA:0,MockGridOracle._generateRevenue
DA:77,0
DA:78,0
DA:79,0
FNF:12
FNH:1
LF:27
LH:3
BRF:0
BRH:0
end_of_record
TN:
SF:src/mocks/MockIoTSolarOracle.sol
DA:13,9
FN:13,MockIoTSolarOracle.triggerHardwareLock
FNDA:9,MockIoTSolarOracle.triggerHardwareLock
DA:15,9
DA:17,9
DA:18,9
DA:20,0
DA:23,1
FN:23,MockIoTSolarOracle.isKillswitchActive
FNDA:1,MockIoTSolarOracle.isKillswitchActive
DA:24,1
FNF:2
FNH:2
LF:7
LH:6
BRF:0
BRH:0
end_of_record
TN:
SF:src/mocks/MockUSDC.sol
DA:7,152
FN:7,MockUSDC.constructor
FNDA:152,MockUSDC.constructor
DA:8,152
DA:11,0
FN:11,MockUSDC.decimals
FNDA:0,MockUSDC.decimals
DA:12,0
DA:15,824
FN:15,MockUSDC.mint
FNDA:824,MockUSDC.mint
DA:16,824
FNF:3
FNH:2
LF:6
LH:4
BRF:0
BRH:0
end_of_record
TN:
SF:src/mocks/MockWeatherOracle.sol
DA:8,70
FN:8,MockWeatherOracle.setRainyDays
FNDA:70,MockWeatherOracle.setRainyDays
DA:9,70
DA:13,1
FN:13,MockWeatherOracle.requestWeatherCheck
FNDA:1,MockWeatherOracle.requestWeatherCheck
DA:15,1
DA:16,1
BRDA:16,0,0,1
BRDA:16,0,1,-
DA:17,1
DA:19,0
DA:21,1
DA:24,35
FN:24,MockWeatherOracle.getRainyDays
FNDA:35,MockWeatherOracle.getRainyDays
DA:25,35
FNF:3
FNH:3
LF:10
LH:9
BRF:2
BRH:1
end_of_record
TN:
SF:src/oracles/GridOracle.sol
DA:28,0
FN:28,GridOracle.constructor
FNDA:0,GridOracle.constructor
DA:35,0
DA:36,0
DA:37,0
DA:38,0
DA:46,0
FN:46,GridOracle.fulfillRequest
FNDA:0,GridOracle.fulfillRequest
DA:50,0
DA:52,0
BRDA:52,0,0,-
DA:55,0
DA:58,0
DA:59,0
DA:63,0
BRDA:63,1,0,-
DA:64,0
DA:65,0
DA:74,0
FN:74,GridOracle.requestProduction
FNDA:0,GridOracle.requestProduction
DA:79,0
BRDA:79,2,0,-
BRDA:79,2,1,-
DA:81,0
DA:82,0
DA:83,0
DA:84,0
DA:85,0
DA:87,0
DA:88,0
DA:91,0
FN:91,GridOracle.getProduction
FNDA:0,GridOracle.getProduction
DA:97,0
DA:101,0
FN:101,GridOracle.getRainyDays
FNDA:0,GridOracle.getRainyDays
DA:102,0
DA:105,0
FN:105,GridOracle.requestWeatherCheck
FNDA:0,GridOracle.requestWeatherCheck
DA:111,0
DA:114,0
FN:114,GridOracle.triggerHardwareLock
FNDA:0,GridOracle.triggerHardwareLock
DA:115,0
DA:118,0
FN:118,GridOracle.unlockHardware
FNDA:0,GridOracle.unlockHardware
DA:119,0
DA:122,0
FN:122,GridOracle.setLoanManager
FNDA:0,GridOracle.setLoanManager
DA:123,0
DA:126,0
FN:126,GridOracle.setJavascriptSource
FNDA:0,GridOracle.setJavascriptSource
DA:127,0
FNF:10
FNH:0
LF:37
LH:0
BRF:4
BRH:0
end_of_record
TN:
SF:src/oracles/IoTSolarOracle.sol
DA:26,0
FN:26,IoTSolarOracle.constructor
FNDA:0,IoTSolarOracle.constructor
DA:29,0
DA:30,0
DA:33,0
FN:33,IoTSolarOracle.setLoanManager
FNDA:0,IoTSolarOracle.setLoanManager
DA:34,0
DA:37,0
FN:37,IoTSolarOracle.setSource
FNDA:0,IoTSolarOracle.setSource
DA:38,0
DA:45,0
FN:45,IoTSolarOracle.triggerHardwareLock
FNDA:0,IoTSolarOracle.triggerHardwareLock
DA:46,0
BRDA:46,0,0,-
BRDA:46,0,1,-
DA:48,0
DA:49,0
DA:51,0
DA:53,0
DA:54,0
DA:57,0
DA:58,0
DA:60,0
DA:63,0
FN:63,IoTSolarOracle.isKillswitchActive
FNDA:0,IoTSolarOracle.isKillswitchActive
DA:64,0
DA:71,0
FN:71,IoTSolarOracle.fulfillRequest
FNDA:0,IoTSolarOracle.fulfillRequest
DA:80,0
DA:82,0
BRDA:82,1,0,-
DA:83,0
DA:87,0
FN:87,IoTSolarOracle.unlockHardware
FNDA:0,IoTSolarOracle.unlockHardware
DA:88,0
DA:91,0
FN:91,IoTSolarOracle.requestProduction
FNDA:0,IoTSolarOracle.requestProduction
DA:92,0
DA:95,0
FN:95,IoTSolarOracle.getProduction
FNDA:0,IoTSolarOracle.getProduction
DA:96,0
DA:99,0
FN:99,IoTSolarOracle.getRainyDays
FNDA:0,IoTSolarOracle.getRainyDays
DA:100,0
DA:103,0
FN:103,IoTSolarOracle.requestWeatherCheck
FNDA:0,IoTSolarOracle.requestWeatherCheck
DA:109,0
FNF:11
FNH:0
LF:33
LH:0
BRF:3
BRH:0
end_of_record
TN:
SF:src/oracles/LoanAutomation.sol
DA:15,0
FN:15,LoanAutomation.constructor
FNDA:0,LoanAutomation.constructor
DA:16,0
DA:19,0
FN:19,LoanAutomation.addProject
FNDA:0,LoanAutomation.addProject
DA:20,0
DA:24,0
FN:24,LoanAutomation.checkUpkeep
FNDA:0,LoanAutomation.checkUpkeep
DA:25,0
DA:27,0
BRDA:27,0,0,-
DA:28,0
DA:31,0
DA:35,0
FN:35,LoanAutomation.performUpkeep
FNDA:0,LoanAutomation.performUpkeep
DA:36,0
DA:39,0
BRDA:39,1,0,-
DA:41,0
DA:44,0
DA:45,0
FNF:4
FNH:0
LF:15
LH:0
BRF:2
BRH:0
end_of_record
TN:
SF:src/oracles/WeatherOracle.sol
DA:23,0
FN:23,WeatherOracle.constructor
FNDA:0,WeatherOracle.constructor
DA:26,0
DA:27,0
DA:30,0
FN:30,WeatherOracle.setMaintenanceDao
FNDA:0,WeatherOracle.setMaintenanceDao
DA:31,0
DA:34,0
FN:34,WeatherOracle.setSource
FNDA:0,WeatherOracle.setSource
DA:35,0
DA:42,0
FN:42,WeatherOracle.requestWeatherCheck
FNDA:0,WeatherOracle.requestWeatherCheck
DA:47,0
BRDA:47,0,0,-
BRDA:47,0,1,-
DA:49,0
DA:50,0
DA:52,0
DA:53,0
DA:54,0
DA:56,0
DA:57,0
DA:60,0
FN:60,WeatherOracle.getRainyDays
FNDA:0,WeatherOracle.getRainyDays
DA:61,0
DA:64,0
FN:64,WeatherOracle.mockSetRainyDays
FNDA:0,WeatherOracle.mockSetRainyDays
DA:65,0
DA:66,0
DA:73,0
FN:73,WeatherOracle.fulfillRequest
FNDA:0,WeatherOracle.fulfillRequest
DA:77,0
DA:79,0
BRDA:79,1,0,-
DA:80,0
DA:81,0
DA:82,0
DA:87,0
FN:87,WeatherOracle.requestProduction
FNDA:0,WeatherOracle.requestProduction
DA:88,0
DA:91,0
FN:91,WeatherOracle.getProduction
FNDA:0,WeatherOracle.getProduction
DA:92,0
DA:95,0
FN:95,WeatherOracle.triggerHardwareLock
FNDA:0,WeatherOracle.triggerHardwareLock
DA:96,0
DA:99,0
FN:99,WeatherOracle.unlockHardware
FNDA:0,WeatherOracle.unlockHardware
DA:100,0
FNF:11
FNH:0
LF:35
LH:0
BRF:3
BRH:0
end_of_record
TN:
SF:test/Base.t.sol
DA:42,152
FN:42,BaseTest.setUp
FNDA:152,BaseTest.setUp
DA:43,152
DA:46,152
DA:47,152
DA:48,152
DA:49,152
DA:50,152
DA:53,152
DA:56,152
DA:65,152
DA:66,152
DA:74,152
DA:75,152
DA:76,152
DA:77,152
DA:80,152
DA:81,152
DA:82,152
DA:85,152
DA:88,152
DA:90,152
DA:93,152
DA:94,152
DA:95,152
DA:96,152
DA:99,152
DA:102,760
FN:102,BaseTest._fundUser
FNDA:760,BaseTest._fundUser
DA:103,760
DA:104,760
DA:107,118
FN:107,BaseTest._createProject
FNDA:118,BaseTest._createProject
DA:108,118
DA:109,118
DA:112,103
FN:112,BaseTest._fundProjectFully
FNDA:103,BaseTest._fundProjectFully
DA:113,103
DA:115,103
DA:116,103
DA:117,103
DA:118,103
DA:120,103
DA:121,103
DA:122,103
DA:123,103
DA:125,103
DA:126,103
DA:127,103
DA:128,103
DA:131,95
FN:131,BaseTest._initializeLoan
FNDA:95,BaseTest._initializeLoan
DA:132,95
DA:133,95
DA:136,65
FN:136,BaseTest._setupFullProject
FNDA:65,BaseTest._setupFullProject
DA:137,65
DA:138,65
BRDA:138,0,0,65
DA:139,65
DA:140,65
DA:142,65
DA:143,65
DA:146,42
FN:146,BaseTest._generateMaintenanceReserve
FNDA:42,BaseTest._generateMaintenanceReserve
DA:147,42
DA:148,42
DA:149,42
DA:150,42
DA:151,42
DA:152,42
FNF:7
FNH:7
LF:63
LH:63
BRF:1
BRH:1
end_of_record
